WARNING 2025-01-15 12:49:48,353 log Unauthorized: /marketplace/api/wishlist/
WARNING 2025-01-15 12:49:48,372 log Unauthorized: /marketplace/api/wishlist/
WARNING 2025-01-15 12:51:09,657 log Unauthorized: /products/api/categories/
WARNING 2025-01-15 12:51:09,690 log Unauthorized: /products/api/categories/
WARNING 2025-01-15 12:51:16,604 log Unauthorized: /marketplace/api/wishlist/
WARNING 2025-01-15 12:51:16,647 log Unauthorized: /marketplace/api/wishlist/
WARNING 2025-01-15 12:51:20,872 log Unauthorized: /marketplace/api/wishlist/
WARNING 2025-01-15 12:51:20,897 log Unauthorized: /marketplace/api/wishlist/
WARNING 2025-01-15 12:51:25,505 log Unauthorized: /products/api/categories/
WARNING 2025-01-15 12:51:25,538 log Unauthorized: /products/api/categories/
WARNING 2025-01-15 12:51:28,073 log Unauthorized: /products/api/categories/
WARNING 2025-01-15 12:51:28,083 log Unauthorized: /marketplace/api/wishlist/
WARNING 2025-01-15 12:51:28,113 log Unauthorized: /marketplace/api/wishlist/
WARNING 2025-01-15 13:09:46,526 log Unauthorized: /marketplace/api/wishlist/
WARNING 2025-01-15 13:09:46,563 log Unauthorized: /marketplace/api/wishlist/
WARNING 2025-01-15 13:11:14,958 log Unauthorized: /marketplace/api/wishlist/
WARNING 2025-01-15 13:11:14,992 log Unauthorized: /marketplace/api/wishlist/
WARNING 2025-01-15 13:24:46,794 log Unauthorized: /marketplace/api/wishlist/
WARNING 2025-01-15 13:24:46,818 log Unauthorized: /marketplace/api/wishlist/
WARNING 2025-01-15 13:25:25,396 log Unauthorized: /marketplace/api/wishlist/
WARNING 2025-01-15 13:25:25,418 log Unauthorized: /marketplace/api/wishlist/
WARNING 2025-01-15 13:25:32,579 log Unauthorized: /marketplace/api/wishlist/
WARNING 2025-01-15 13:25:32,604 log Unauthorized: /marketplace/api/wishlist/
WARNING 2025-01-15 13:44:28,123 log Unauthorized: /marketplace/api/wishlist/
WARNING 2025-01-15 13:44:28,169 log Unauthorized: /marketplace/api/wishlist/
WARNING 2025-01-15 13:44:30,221 log Unauthorized: /marketplace/api/wishlist/
WARNING 2025-01-15 13:44:30,252 log Unauthorized: /marketplace/api/wishlist/
WARNING 2025-01-15 13:44:37,791 log Unauthorized: /marketplace/api/wishlist/
WARNING 2025-01-15 13:44:37,823 log Unauthorized: /marketplace/api/wishlist/
WARNING 2025-01-15 13:50:35,590 log Unauthorized: /marketplace/api/wishlist/
WARNING 2025-01-15 13:50:35,624 log Unauthorized: /marketplace/api/wishlist/
WARNING 2025-01-15 13:52:59,534 log Unauthorized: /marketplace/api/wishlist/
WARNING 2025-01-15 13:52:59,571 log Unauthorized: /marketplace/api/wishlist/
WARNING 2025-01-15 13:55:09,459 log Unauthorized: /marketplace/api/wishlist/
WARNING 2025-01-15 13:55:09,483 log Unauthorized: /marketplace/api/wishlist/
WARNING 2025-01-15 13:58:41,364 log Not Found: /
WARNING 2025-01-15 13:58:41,546 log Not Found: /favicon.ico
WARNING 2025-01-15 13:58:48,650 log Not Found: /
WARNING 2025-01-15 13:58:55,519 log Unauthorized: /api/
WARNING 2025-01-15 14:02:48,670 log Unauthorized: /marketplace/api/wishlist/
WARNING 2025-01-15 14:02:48,688 log Unauthorized: /marketplace/api/wishlist/
